<?xml version="1.0" encoding="UTF-8"?>
<coverage generated="1765354326578" clover="3.2.0">
  <project timestamp="1765354326578" name="All files">
    <metrics statements="130" coveredstatements="44" conditionals="92" coveredconditionals="13" methods="33" coveredmethods="10" elements="255" coveredelements="67" complexity="0" loc="130" ncloc="130" packages="1" files="5" classes="5"/>
    <file name="baseLotteryService.ts" path="/Users/c.dieck/projects/howtolosemoneyfast_website/src/utils/baseLotteryService.ts">
      <metrics statements="18" coveredstatements="1" conditionals="10" coveredconditionals="0" methods="9" coveredmethods="0"/>
      <line num="17" count="1" type="stmt"/>
      <line num="18" count="0" type="stmt"/>
      <line num="21" count="0" type="stmt"/>
      <line num="30" count="0" type="cond" truecount="0" falsecount="1"/>
      <line num="31" count="0" type="stmt"/>
      <line num="34" count="0" type="stmt"/>
      <line num="36" count="0" type="stmt"/>
      <line num="37" count="0" type="stmt"/>
      <line num="38" count="0" type="stmt"/>
      <line num="39" count="0" type="stmt"/>
      <line num="41" count="0" type="stmt"/>
      <line num="47" count="0" type="stmt"/>
      <line num="51" count="0" type="cond" truecount="0" falsecount="3"/>
      <line num="53" count="0" type="stmt"/>
      <line num="54" count="0" type="stmt"/>
      <line num="55" count="0" type="cond" truecount="0" falsecount="3"/>
      <line num="56" count="0" type="cond" truecount="0" falsecount="3"/>
      <line num="57" count="0" type="stmt"/>
    </file>
    <file name="contactEncryption.ts" path="/Users/c.dieck/projects/howtolosemoneyfast_website/src/utils/contactEncryption.ts">
      <metrics statements="49" coveredstatements="16" conditionals="15" coveredconditionals="2" methods="9" coveredmethods="6"/>
      <line num="6" count="1" type="stmt"/>
      <line num="7" count="1" type="stmt"/>
      <line num="8" count="1" type="stmt"/>
      <line num="9" count="1" type="stmt"/>
      <line num="10" count="1" type="stmt"/>
      <line num="16" count="8" type="cond" truecount="1" falsecount="1"/>
      <line num="17" count="8" type="stmt"/>
      <line num="18" count="0" type="cond" truecount="0" falsecount="1"/>
      <line num="19" count="0" type="stmt"/>
      <line num="21" count="0" type="stmt"/>
      <line num="28" count="8" type="cond" truecount="1" falsecount="1"/>
      <line num="29" count="8" type="stmt"/>
      <line num="30" count="0" type="cond" truecount="0" falsecount="1"/>
      <line num="31" count="0" type="stmt"/>
      <line num="33" count="0" type="stmt"/>
      <line num="41" count="1" type="stmt"/>
      <line num="42" count="93" type="stmt"/>
      <line num="43" count="8" type="stmt"/>
      <line num="51" count="1" type="stmt"/>
      <line num="52" count="8" type="stmt"/>
      <line num="53" count="93" type="stmt"/>
      <line num="59" count="1" type="stmt"/>
      <line num="60" count="0" type="stmt"/>
      <line num="72" count="0" type="cond" truecount="0" falsecount="1"/>
      <line num="73" count="0" type="cond" truecount="0" falsecount="1"/>
      <line num="74" count="0" type="cond" truecount="0" falsecount="1"/>
      <line num="75" count="0" type="cond" truecount="0" falsecount="1"/>
      <line num="76" count="0" type="cond" truecount="0" falsecount="1"/>
      <line num="77" count="0" type="cond" truecount="0" falsecount="1"/>
      <line num="78" count="0" type="cond" truecount="0" falsecount="1"/>
      <line num="79" count="0" type="cond" truecount="0" falsecount="1"/>
      <line num="88" count="0" type="stmt"/>
      <line num="89" count="0" type="stmt"/>
      <line num="92" count="0" type="stmt"/>
      <line num="93" count="0" type="stmt"/>
      <line num="94" count="0" type="stmt"/>
      <line num="95" count="0" type="stmt"/>
      <line num="96" count="0" type="stmt"/>
      <line num="100" count="0" type="cond" truecount="0" falsecount="1"/>
      <line num="101" count="0" type="stmt"/>
      <line num="102" count="0" type="stmt"/>
      <line num="103" count="0" type="stmt"/>
      <line num="111" count="0" type="stmt"/>
      <line num="121" count="0" type="stmt"/>
      <line num="122" count="0" type="stmt"/>
      <line num="124" count="0" type="stmt"/>
      <line num="125" count="0" type="stmt"/>
      <line num="126" count="0" type="stmt"/>
      <line num="127" count="0" type="stmt"/>
    </file>
    <file name="dateUtils.ts" path="/Users/c.dieck/projects/howtolosemoneyfast_website/src/utils/dateUtils.ts">
      <metrics statements="14" coveredstatements="12" conditionals="6" coveredconditionals="4" methods="2" coveredmethods="2"/>
      <line num="6" count="1" type="stmt"/>
      <line num="7" count="3" type="cond" truecount="3" falsecount="0"/>
      <line num="8" count="1" type="stmt"/>
      <line num="12" count="5" type="stmt"/>
      <line num="14" count="2" type="cond" truecount="0" falsecount="1"/>
      <line num="15" count="0" type="stmt"/>
      <line num="18" count="2" type="stmt"/>
      <line num="19" count="2" type="stmt"/>
      <line num="21" count="2" type="stmt"/>
      <line num="22" count="4" type="cond" truecount="0" falsecount="1"/>
      <line num="23" count="0" type="stmt"/>
      <line num="25" count="4" type="cond" truecount="1" falsecount="0"/>
      <line num="26" count="2" type="stmt"/>
      <line num="30" count="2" type="stmt"/>
    </file>
    <file name="eurojackpotService.ts" path="/Users/c.dieck/projects/howtolosemoneyfast_website/src/utils/eurojackpotService.ts">
      <metrics statements="37" coveredstatements="3" conditionals="54" coveredconditionals="0" methods="11" coveredmethods="0"/>
      <line num="1" count="1" type="stmt"/>
      <line num="3" count="1" type="stmt"/>
      <line num="9" count="1" type="stmt"/>
      <line num="13" count="0" type="stmt"/>
      <line num="17" count="0" type="cond" truecount="0" falsecount="1"/>
      <line num="18" count="0" type="stmt"/>
      <line num="20" count="0" type="stmt"/>
      <line num="24" count="0" type="stmt"/>
      <line num="25" count="0" type="stmt"/>
      <line num="34" count="0" type="cond" truecount="0" falsecount="3"/>
      <line num="36" count="0" type="stmt"/>
      <line num="37" count="0" type="stmt"/>
      <line num="38" count="0" type="cond" truecount="0" falsecount="3"/>
      <line num="40" count="0" type="cond" truecount="0" falsecount="4"/>
      <line num="41" count="0" type="cond" truecount="0" falsecount="2"/>
      <line num="45" count="0" type="stmt"/>
      <line num="46" count="0" type="stmt"/>
      <line num="48" count="0" type="stmt"/>
      <line num="56" count="0" type="stmt"/>
      <line num="57" count="0" type="stmt"/>
      <line num="58" count="0" type="stmt"/>
      <line num="61" count="0" type="cond" truecount="0" falsecount="1"/>
      <line num="62" count="0" type="stmt"/>
      <line num="63" count="0" type="cond" truecount="0" falsecount="2"/>
      <line num="67" count="0" type="cond" truecount="0" falsecount="3"/>
      <line num="68" count="0" type="cond" truecount="0" falsecount="3"/>
      <line num="69" count="0" type="cond" truecount="0" falsecount="3"/>
      <line num="70" count="0" type="cond" truecount="0" falsecount="3"/>
      <line num="71" count="0" type="cond" truecount="0" falsecount="3"/>
      <line num="72" count="0" type="cond" truecount="0" falsecount="3"/>
      <line num="73" count="0" type="cond" truecount="0" falsecount="3"/>
      <line num="74" count="0" type="cond" truecount="0" falsecount="3"/>
      <line num="75" count="0" type="cond" truecount="0" falsecount="3"/>
      <line num="76" count="0" type="cond" truecount="0" falsecount="3"/>
      <line num="77" count="0" type="cond" truecount="0" falsecount="3"/>
      <line num="78" count="0" type="cond" truecount="0" falsecount="3"/>
      <line num="79" count="0" type="stmt"/>
    </file>
    <file name="profitLossCalculator.ts" path="/Users/c.dieck/projects/howtolosemoneyfast_website/src/utils/profitLossCalculator.ts">
      <metrics statements="12" coveredstatements="12" conditionals="7" coveredconditionals="7" methods="2" coveredmethods="2"/>
      <line num="1" count="1" type="stmt"/>
      <line num="11" count="1" type="stmt"/>
      <line num="17" count="4" type="cond" truecount="1" falsecount="0"/>
      <line num="18" count="1" type="stmt"/>
      <line num="21" count="3" type="stmt"/>
      <line num="22" count="3" type="cond" truecount="2" falsecount="0"/>
      <line num="24" count="3" type="stmt"/>
      <line num="34" count="1" type="stmt"/>
      <line num="39" count="3" type="cond" truecount="1" falsecount="0"/>
      <line num="40" count="1" type="stmt"/>
      <line num="43" count="2" type="stmt"/>
      <line num="44" count="2" type="cond" truecount="2" falsecount="0"/>
    </file>
  </project>
</coverage>
