{"/Users/c.dieck/projects/howtolosemoneyfast_website/src/utils/baseLotteryService.ts": {"path":"/Users/c.dieck/projects/howtolosemoneyfast_website/src/utils/baseLotteryService.ts","statementMap":{"0":{"start":{"line":18,"column":12},"end":{"line":18,"column":null}},"1":{"start":{"line":21,"column":4},"end":{"line":21,"column":58}},"2":{"start":{"line":30,"column":4},"end":{"line":32,"column":5}},"3":{"start":{"line":31,"column":6},"end":{"line":31,"column":50}},"4":{"start":{"line":34,"column":25},"end":{"line":34,"column":67}},"5":{"start":{"line":36,"column":4},"end":{"line":47,"column":80}},"6":{"start":{"line":37,"column":22},"end":{"line":37,"column":58}},"7":{"start":{"line":38,"column":27},"end":{"line":38,"column":88}},"8":{"start":{"line":38,"column":73},"end":{"line":38,"column":84}},"9":{"start":{"line":39,"column":20},"end":{"line":39,"column":48}},"10":{"start":{"line":41,"column":6},"end":{"line":46,"column":8}},"11":{"start":{"line":47,"column":24},"end":{"line":47,"column":78}},"12":{"start":{"line":47,"column":68},"end":{"line":47,"column":77}},"13":{"start":{"line":51,"column":4},"end":{"line":51,"column":59}},"14":{"start":{"line":51,"column":32},"end":{"line":51,"column":59}},"15":{"start":{"line":53,"column":4},"end":{"line":58,"column":7}},"16":{"start":{"line":54,"column":23},"end":{"line":54,"column":42}},"17":{"start":{"line":55,"column":6},"end":{"line":55,"column":68}},"18":{"start":{"line":55,"column":55},"end":{"line":55,"column":68}},"19":{"start":{"line":56,"column":6},"end":{"line":56,"column":64}},"20":{"start":{"line":56,"column":51},"end":{"line":56,"column":64}},"21":{"start":{"line":57,"column":6},"end":{"line":57,"column":18}},"22":{"start":{"line":17,"column":0},"end":{"line":17,"column":22}}},"fnMap":{"0":{"name":"(anonymous_0)","decl":{"start":{"line":17,"column":0},"end":{"line":17,"column":22}},"loc":{"start":{"line":17,"column":0},"end":{"line":60,"column":1}}},"1":{"name":"(anonymous_1)","decl":{"start":{"line":20,"column":9},"end":{"line":20,"column":14}},"loc":{"start":{"line":20,"column":25},"end":{"line":22,"column":3}}},"2":{"name":"(anonymous_2)","decl":{"start":{"line":29,"column":9},"end":{"line":29,"column":21}},"loc":{"start":{"line":29,"column":70},"end":{"line":48,"column":3}}},"3":{"name":"(anonymous_3)","decl":{"start":{"line":36,"column":28},"end":{"line":36,"column":32}},"loc":{"start":{"line":36,"column":35},"end":{"line":47,"column":5}}},"4":{"name":"(anonymous_4)","decl":{"start":{"line":38,"column":57},"end":{"line":38,"column":58}},"loc":{"start":{"line":38,"column":73},"end":{"line":38,"column":84}}},"5":{"name":"(anonymous_5)","decl":{"start":{"line":47,"column":14},"end":{"line":47,"column":20}},"loc":{"start":{"line":47,"column":24},"end":{"line":47,"column":78}}},"6":{"name":"(anonymous_6)","decl":{"start":{"line":47,"column":59},"end":{"line":47,"column":64}},"loc":{"start":{"line":47,"column":68},"end":{"line":47,"column":77}}},"7":{"name":"(anonymous_7)","decl":{"start":{"line":50,"column":12},"end":{"line":50,"column":29}},"loc":{"start":{"line":50,"column":66},"end":{"line":59,"column":3}}},"8":{"name":"(anonymous_8)","decl":{"start":{"line":53,"column":38},"end":{"line":53,"column":42}},"loc":{"start":{"line":53,"column":45},"end":{"line":58,"column":5}}}},"branchMap":{"0":{"loc":{"start":{"line":30,"column":4},"end":{"line":32,"column":5}},"type":"if","locations":[{"start":{"line":30,"column":4},"end":{"line":32,"column":5}}]},"1":{"loc":{"start":{"line":51,"column":4},"end":{"line":51,"column":59}},"type":"if","locations":[{"start":{"line":51,"column":4},"end":{"line":51,"column":59}}]},"2":{"loc":{"start":{"line":51,"column":8},"end":{"line":51,"column":30}},"type":"binary-expr","locations":[{"start":{"line":51,"column":8},"end":{"line":51,"column":18}},{"start":{"line":51,"column":22},"end":{"line":51,"column":30}}]},"3":{"loc":{"start":{"line":55,"column":6},"end":{"line":55,"column":68}},"type":"if","locations":[{"start":{"line":55,"column":6},"end":{"line":55,"column":68}}]},"4":{"loc":{"start":{"line":55,"column":10},"end":{"line":55,"column":53}},"type":"binary-expr","locations":[{"start":{"line":55,"column":10},"end":{"line":55,"column":19}},{"start":{"line":55,"column":23},"end":{"line":55,"column":53}}]},"5":{"loc":{"start":{"line":56,"column":6},"end":{"line":56,"column":64}},"type":"if","locations":[{"start":{"line":56,"column":6},"end":{"line":56,"column":64}}]},"6":{"loc":{"start":{"line":56,"column":10},"end":{"line":56,"column":49}},"type":"binary-expr","locations":[{"start":{"line":56,"column":10},"end":{"line":56,"column":17}},{"start":{"line":56,"column":21},"end":{"line":56,"column":49}}]}},"s":{"0":0,"1":0,"2":0,"3":0,"4":0,"5":0,"6":0,"7":0,"8":0,"9":0,"10":0,"11":0,"12":0,"13":0,"14":0,"15":0,"16":0,"17":0,"18":0,"19":0,"20":0,"21":0,"22":1},"f":{"0":0,"1":0,"2":0,"3":0,"4":0,"5":0,"6":0,"7":0,"8":0},"b":{"0":[0],"1":[0],"2":[0,0],"3":[0],"4":[0,0],"5":[0],"6":[0,0]}}
,"/Users/c.dieck/projects/howtolosemoneyfast_website/src/utils/contactEncryption.ts": {"path":"/Users/c.dieck/projects/howtolosemoneyfast_website/src/utils/contactEncryption.ts","statementMap":{"0":{"start":{"line":41,"column":0},"end":{"line":41,"column":16}},"1":{"start":{"line":51,"column":0},"end":{"line":51,"column":16}},"2":{"start":{"line":59,"column":0},"end":{"line":59,"column":16}},"3":{"start":{"line":6,"column":13},"end":{"line":6,"column":54}},"4":{"start":{"line":7,"column":13},"end":{"line":7,"column":71}},"5":{"start":{"line":8,"column":13},"end":{"line":8,"column":55}},"6":{"start":{"line":9,"column":13},"end":{"line":9,"column":50}},"7":{"start":{"line":10,"column":13},"end":{"line":10,"column":82}},"8":{"start":{"line":16,"column":2},"end":{"line":20,"column":3}},"9":{"start":{"line":17,"column":4},"end":{"line":17,"column":21}},"10":{"start":{"line":18,"column":9},"end":{"line":20,"column":3}},"11":{"start":{"line":19,"column":4},"end":{"line":19,"column":47}},"12":{"start":{"line":21,"column":2},"end":{"line":21,"column":59}},"13":{"start":{"line":28,"column":2},"end":{"line":32,"column":3}},"14":{"start":{"line":29,"column":4},"end":{"line":29,"column":21}},"15":{"start":{"line":30,"column":9},"end":{"line":32,"column":3}},"16":{"start":{"line":31,"column":4},"end":{"line":31,"column":49}},"17":{"start":{"line":33,"column":2},"end":{"line":33,"column":59}},"18":{"start":{"line":42,"column":18},"end":{"line":42,"column":92}},"19":{"start":{"line":42,"column":42},"end":{"line":42,"column":82}},"20":{"start":{"line":43,"column":2},"end":{"line":43,"column":35}},"21":{"start":{"line":52,"column":18},"end":{"line":52,"column":43}},"22":{"start":{"line":53,"column":2},"end":{"line":53,"column":87}},"23":{"start":{"line":53,"column":36},"end":{"line":53,"column":76}},"24":{"start":{"line":60,"column":19},"end":{"line":69,"column":4}},"25":{"start":{"line":72,"column":2},"end":{"line":72,"column":77}},"26":{"start":{"line":72,"column":25},"end":{"line":72,"column":77}},"27":{"start":{"line":73,"column":2},"end":{"line":73,"column":77}},"28":{"start":{"line":73,"column":25},"end":{"line":73,"column":77}},"29":{"start":{"line":74,"column":2},"end":{"line":74,"column":68}},"30":{"start":{"line":74,"column":22},"end":{"line":74,"column":68}},"31":{"start":{"line":75,"column":2},"end":{"line":75,"column":81}},"32":{"start":{"line":75,"column":27},"end":{"line":75,"column":81}},"33":{"start":{"line":76,"column":2},"end":{"line":76,"column":81}},"34":{"start":{"line":76,"column":27},"end":{"line":76,"column":81}},"35":{"start":{"line":77,"column":2},"end":{"line":77,"column":71}},"36":{"start":{"line":77,"column":24},"end":{"line":77,"column":71}},"37":{"start":{"line":78,"column":2},"end":{"line":78,"column":65}},"38":{"start":{"line":78,"column":21},"end":{"line":78,"column":65}},"39":{"start":{"line":79,"column":2},"end":{"line":79,"column":69}},"40":{"start":{"line":79,"column":22},"end":{"line":79,"column":69}},"41":{"start":{"line":88,"column":15},"end":{"line":88,"column":35}},"42":{"start":{"line":89,"column":2},"end":{"line":89,"column":25}},"43":{"start":{"line":92,"column":2},"end":{"line":97,"column":3}},"44":{"start":{"line":92,"column":15},"end":{"line":92,"column":16}},"45":{"start":{"line":93,"column":17},"end":{"line":93,"column":47}},"46":{"start":{"line":94,"column":4},"end":{"line":94,"column":44}},"47":{"start":{"line":95,"column":4},"end":{"line":95,"column":39}},"48":{"start":{"line":96,"column":4},"end":{"line":96,"column":30}},"49":{"start":{"line":100,"column":2},"end":{"line":112,"column":3}},"50":{"start":{"line":101,"column":18},"end":{"line":101,"column":49}},"51":{"start":{"line":102,"column":4},"end":{"line":102,"column":33}},"52":{"start":{"line":103,"column":4},"end":{"line":110,"column":6}},"53":{"start":{"line":111,"column":4},"end":{"line":111,"column":37}},"54":{"start":{"line":121,"column":16},"end":{"line":121,"column":37}},"55":{"start":{"line":122,"column":25},"end":{"line":122,"column":41}},"56":{"start":{"line":124,"column":2},"end":{"line":124,"column":25}},"57":{"start":{"line":125,"column":2},"end":{"line":125,"column":41}},"58":{"start":{"line":126,"column":2},"end":{"line":126,"column":42}},"59":{"start":{"line":127,"column":2},"end":{"line":127,"column":46}}},"fnMap":{"0":{"name":"safeBase64Encode","decl":{"start":{"line":15,"column":9},"end":{"line":15,"column":25}},"loc":{"start":{"line":15,"column":37},"end":{"line":22,"column":1}}},"1":{"name":"safeBase64Decode","decl":{"start":{"line":27,"column":9},"end":{"line":27,"column":25}},"loc":{"start":{"line":27,"column":37},"end":{"line":34,"column":1}}},"2":{"name":"encrypt","decl":{"start":{"line":41,"column":16},"end":{"line":41,"column":23}},"loc":{"start":{"line":41,"column":36},"end":{"line":44,"column":1}}},"3":{"name":"(anonymous_3)","decl":{"start":{"line":42,"column":37},"end":{"line":42,"column":38}},"loc":{"start":{"line":42,"column":42},"end":{"line":42,"column":82}}},"4":{"name":"decrypt","decl":{"start":{"line":51,"column":16},"end":{"line":51,"column":23}},"loc":{"start":{"line":51,"column":39},"end":{"line":54,"column":1}}},"5":{"name":"(anonymous_5)","decl":{"start":{"line":53,"column":31},"end":{"line":53,"column":32}},"loc":{"start":{"line":53,"column":36},"end":{"line":53,"column":76}}},"6":{"name":"initContactInfo","decl":{"start":{"line":59,"column":16},"end":{"line":59,"column":31}},"loc":{"start":{"line":59,"column":31},"end":{"line":80,"column":1}}},"7":{"name":"applyObfuscatedText","decl":{"start":{"line":87,"column":9},"end":{"line":87,"column":28}},"loc":{"start":{"line":87,"column":70},"end":{"line":113,"column":1}}},"8":{"name":"applyObfuscatedEmail","decl":{"start":{"line":120,"column":9},"end":{"line":120,"column":29}},"loc":{"start":{"line":120,"column":72},"end":{"line":128,"column":1}}}},"branchMap":{"0":{"loc":{"start":{"line":16,"column":2},"end":{"line":20,"column":3}},"type":"if","locations":[{"start":{"line":16,"column":2},"end":{"line":20,"column":3}},{"start":{"line":18,"column":9},"end":{"line":20,"column":3}}]},"1":{"loc":{"start":{"line":18,"column":9},"end":{"line":20,"column":3}},"type":"if","locations":[{"start":{"line":18,"column":9},"end":{"line":20,"column":3}}]},"2":{"loc":{"start":{"line":28,"column":2},"end":{"line":32,"column":3}},"type":"if","locations":[{"start":{"line":28,"column":2},"end":{"line":32,"column":3}},{"start":{"line":30,"column":9},"end":{"line":32,"column":3}}]},"3":{"loc":{"start":{"line":30,"column":9},"end":{"line":32,"column":3}},"type":"if","locations":[{"start":{"line":30,"column":9},"end":{"line":32,"column":3}}]},"4":{"loc":{"start":{"line":72,"column":2},"end":{"line":72,"column":77}},"type":"if","locations":[{"start":{"line":72,"column":2},"end":{"line":72,"column":77}}]},"5":{"loc":{"start":{"line":73,"column":2},"end":{"line":73,"column":77}},"type":"if","locations":[{"start":{"line":73,"column":2},"end":{"line":73,"column":77}}]},"6":{"loc":{"start":{"line":74,"column":2},"end":{"line":74,"column":68}},"type":"if","locations":[{"start":{"line":74,"column":2},"end":{"line":74,"column":68}}]},"7":{"loc":{"start":{"line":75,"column":2},"end":{"line":75,"column":81}},"type":"if","locations":[{"start":{"line":75,"column":2},"end":{"line":75,"column":81}}]},"8":{"loc":{"start":{"line":76,"column":2},"end":{"line":76,"column":81}},"type":"if","locations":[{"start":{"line":76,"column":2},"end":{"line":76,"column":81}}]},"9":{"loc":{"start":{"line":77,"column":2},"end":{"line":77,"column":71}},"type":"if","locations":[{"start":{"line":77,"column":2},"end":{"line":77,"column":71}}]},"10":{"loc":{"start":{"line":78,"column":2},"end":{"line":78,"column":65}},"type":"if","locations":[{"start":{"line":78,"column":2},"end":{"line":78,"column":65}}]},"11":{"loc":{"start":{"line":79,"column":2},"end":{"line":79,"column":69}},"type":"if","locations":[{"start":{"line":79,"column":2},"end":{"line":79,"column":69}}]},"12":{"loc":{"start":{"line":100,"column":2},"end":{"line":112,"column":3}},"type":"if","locations":[{"start":{"line":100,"column":2},"end":{"line":112,"column":3}}]}},"s":{"0":1,"1":1,"2":1,"3":1,"4":1,"5":1,"6":1,"7":1,"8":8,"9":8,"10":0,"11":0,"12":0,"13":8,"14":8,"15":0,"16":0,"17":0,"18":8,"19":93,"20":8,"21":8,"22":8,"23":93,"24":0,"25":0,"26":0,"27":0,"28":0,"29":0,"30":0,"31":0,"32":0,"33":0,"34":0,"35":0,"36":0,"37":0,"38":0,"39":0,"40":0,"41":0,"42":0,"43":0,"44":0,"45":0,"46":0,"47":0,"48":0,"49":0,"50":0,"51":0,"52":0,"53":0,"54":0,"55":0,"56":0,"57":0,"58":0,"59":0},"f":{"0":8,"1":8,"2":8,"3":93,"4":8,"5":93,"6":0,"7":0,"8":0},"b":{"0":[8,0],"1":[0],"2":[8,0],"3":[0],"4":[0],"5":[0],"6":[0],"7":[0],"8":[0],"9":[0],"10":[0],"11":[0],"12":[0]}}
,"/Users/c.dieck/projects/howtolosemoneyfast_website/src/utils/dateUtils.ts": {"path":"/Users/c.dieck/projects/howtolosemoneyfast_website/src/utils/dateUtils.ts","statementMap":{"0":{"start":{"line":6,"column":0},"end":{"line":6,"column":16}},"1":{"start":{"line":7,"column":2},"end":{"line":9,"column":3}},"2":{"start":{"line":8,"column":4},"end":{"line":8,"column":45}},"3":{"start":{"line":12,"column":25},"end":{"line":12,"column":56}},"4":{"start":{"line":12,"column":46},"end":{"line":12,"column":55}},"5":{"start":{"line":14,"column":2},"end":{"line":16,"column":3}},"6":{"start":{"line":15,"column":4},"end":{"line":15,"column":45}},"7":{"start":{"line":18,"column":18},"end":{"line":18,"column":41}},"8":{"start":{"line":19,"column":19},"end":{"line":19,"column":42}},"9":{"start":{"line":21,"column":2},"end":{"line":28,"column":3}},"10":{"start":{"line":22,"column":4},"end":{"line":24,"column":5}},"11":{"start":{"line":23,"column":6},"end":{"line":23,"column":29}},"12":{"start":{"line":25,"column":4},"end":{"line":27,"column":5}},"13":{"start":{"line":26,"column":6},"end":{"line":26,"column":30}},"14":{"start":{"line":30,"column":2},"end":{"line":30,"column":35}}},"fnMap":{"0":{"name":"getDateRange","decl":{"start":{"line":6,"column":16},"end":{"line":6,"column":28}},"loc":{"start":{"line":6,"column":55},"end":{"line":31,"column":1}}},"1":{"name":"(anonymous_1)","decl":{"start":{"line":12,"column":38},"end":{"line":12,"column":42}},"loc":{"start":{"line":12,"column":46},"end":{"line":12,"column":55}}}},"branchMap":{"0":{"loc":{"start":{"line":7,"column":2},"end":{"line":9,"column":3}},"type":"if","locations":[{"start":{"line":7,"column":2},"end":{"line":9,"column":3}}]},"1":{"loc":{"start":{"line":7,"column":6},"end":{"line":7,"column":34}},"type":"binary-expr","locations":[{"start":{"line":7,"column":6},"end":{"line":7,"column":12}},{"start":{"line":7,"column":16},"end":{"line":7,"column":34}}]},"2":{"loc":{"start":{"line":14,"column":2},"end":{"line":16,"column":3}},"type":"if","locations":[{"start":{"line":14,"column":2},"end":{"line":16,"column":3}}]},"3":{"loc":{"start":{"line":22,"column":4},"end":{"line":24,"column":5}},"type":"if","locations":[{"start":{"line":22,"column":4},"end":{"line":24,"column":5}}]},"4":{"loc":{"start":{"line":25,"column":4},"end":{"line":27,"column":5}},"type":"if","locations":[{"start":{"line":25,"column":4},"end":{"line":27,"column":5}}]}},"s":{"0":1,"1":3,"2":1,"3":2,"4":5,"5":2,"6":0,"7":2,"8":2,"9":2,"10":4,"11":0,"12":4,"13":2,"14":2},"f":{"0":3,"1":5},"b":{"0":[1],"1":[3,3],"2":[0],"3":[0],"4":[2]}}
,"/Users/c.dieck/projects/howtolosemoneyfast_website/src/utils/eurojackpotService.ts": {"path":"/Users/c.dieck/projects/howtolosemoneyfast_website/src/utils/eurojackpotService.ts","statementMap":{"0":{"start":{"line":1,"column":0},"end":{"line":1,"column":58}},"1":{"start":{"line":3,"column":0},"end":{"line":3,"column":67}},"2":{"start":{"line":13,"column":4},"end":{"line":13,"column":12}},"3":{"start":{"line":17,"column":4},"end":{"line":19,"column":5}},"4":{"start":{"line":18,"column":6},"end":{"line":18,"column":61}},"5":{"start":{"line":20,"column":4},"end":{"line":20,"column":39}},"6":{"start":{"line":24,"column":18},"end":{"line":24,"column":44}},"7":{"start":{"line":25,"column":4},"end":{"line":30,"column":8}},"8":{"start":{"line":25,"column":30},"end":{"line":30,"column":6}},"9":{"start":{"line":34,"column":4},"end":{"line":34,"column":91}},"10":{"start":{"line":34,"column":78},"end":{"line":34,"column":91}},"11":{"start":{"line":36,"column":23},"end":{"line":36,"column":51}},"12":{"start":{"line":37,"column":23},"end":{"line":37,"column":51}},"13":{"start":{"line":38,"column":4},"end":{"line":38,"column":69}},"14":{"start":{"line":38,"column":56},"end":{"line":38,"column":69}},"15":{"start":{"line":40,"column":4},"end":{"line":41,"column":67}},"16":{"start":{"line":40,"column":44},"end":{"line":40,"column":65}},"17":{"start":{"line":41,"column":44},"end":{"line":41,"column":65}},"18":{"start":{"line":45,"column":24},"end":{"line":45,"column":100}},"19":{"start":{"line":45,"column":62},"end":{"line":45,"column":92}},"20":{"start":{"line":46,"column":24},"end":{"line":46,"column":100}},"21":{"start":{"line":46,"column":62},"end":{"line":46,"column":92}},"22":{"start":{"line":48,"column":4},"end":{"line":52,"column":6}},"23":{"start":{"line":56,"column":24},"end":{"line":56,"column":36}},"24":{"start":{"line":57,"column":24},"end":{"line":57,"column":36}},"25":{"start":{"line":58,"column":17},"end":{"line":58,"column":59}},"26":{"start":{"line":61,"column":4},"end":{"line":64,"column":5}},"27":{"start":{"line":62,"column":23},"end":{"line":62,"column":56}},"28":{"start":{"line":63,"column":6},"end":{"line":63,"column":51}},"29":{"start":{"line":67,"column":4},"end":{"line":67,"column":64}},"30":{"start":{"line":67,"column":48},"end":{"line":67,"column":64}},"31":{"start":{"line":68,"column":4},"end":{"line":68,"column":62}},"32":{"start":{"line":68,"column":48},"end":{"line":68,"column":62}},"33":{"start":{"line":69,"column":4},"end":{"line":69,"column":62}},"34":{"start":{"line":69,"column":48},"end":{"line":69,"column":62}},"35":{"start":{"line":70,"column":4},"end":{"line":70,"column":60}},"36":{"start":{"line":70,"column":48},"end":{"line":70,"column":60}},"37":{"start":{"line":71,"column":4},"end":{"line":71,"column":59}},"38":{"start":{"line":71,"column":48},"end":{"line":71,"column":59}},"39":{"start":{"line":72,"column":4},"end":{"line":72,"column":59}},"40":{"start":{"line":72,"column":48},"end":{"line":72,"column":59}},"41":{"start":{"line":73,"column":4},"end":{"line":73,"column":58}},"42":{"start":{"line":73,"column":48},"end":{"line":73,"column":58}},"43":{"start":{"line":74,"column":4},"end":{"line":74,"column":58}},"44":{"start":{"line":74,"column":48},"end":{"line":74,"column":58}},"45":{"start":{"line":75,"column":4},"end":{"line":75,"column":58}},"46":{"start":{"line":75,"column":48},"end":{"line":75,"column":58}},"47":{"start":{"line":76,"column":4},"end":{"line":76,"column":58}},"48":{"start":{"line":76,"column":48},"end":{"line":76,"column":58}},"49":{"start":{"line":77,"column":4},"end":{"line":77,"column":58}},"50":{"start":{"line":77,"column":48},"end":{"line":77,"column":58}},"51":{"start":{"line":78,"column":4},"end":{"line":78,"column":57}},"52":{"start":{"line":78,"column":48},"end":{"line":78,"column":57}},"53":{"start":{"line":79,"column":4},"end":{"line":79,"column":13}},"54":{"start":{"line":9,"column":0},"end":{"line":9,"column":13}}},"fnMap":{"0":{"name":"(anonymous_0)","decl":{"start":{"line":12,"column":2},"end":{"line":12,"column":null}},"loc":{"start":{"line":12,"column":2},"end":{"line":14,"column":3}}},"1":{"name":"(anonymous_1)","decl":{"start":{"line":16,"column":9},"end":{"line":16,"column":15}},"loc":{"start":{"line":16,"column":27},"end":{"line":21,"column":3}}},"2":{"name":"(anonymous_2)","decl":{"start":{"line":23,"column":12},"end":{"line":23,"column":17}},"loc":{"start":{"line":23,"column":36},"end":{"line":31,"column":3}}},"3":{"name":"(anonymous_3)","decl":{"start":{"line":25,"column":21},"end":{"line":25,"column":25}},"loc":{"start":{"line":25,"column":30},"end":{"line":30,"column":6}}},"4":{"name":"(anonymous_4)","decl":{"start":{"line":33,"column":12},"end":{"line":33,"column":27}},"loc":{"start":{"line":33,"column":55},"end":{"line":42,"column":3}}},"5":{"name":"(anonymous_5)","decl":{"start":{"line":40,"column":37},"end":{"line":40,"column":40}},"loc":{"start":{"line":40,"column":44},"end":{"line":40,"column":65}}},"6":{"name":"(anonymous_6)","decl":{"start":{"line":41,"column":37},"end":{"line":41,"column":40}},"loc":{"start":{"line":41,"column":44},"end":{"line":41,"column":65}}},"7":{"name":"(anonymous_7)","decl":{"start":{"line":44,"column":12},"end":{"line":44,"column":28}},"loc":{"start":{"line":44,"column":83},"end":{"line":53,"column":3}}},"8":{"name":"(anonymous_8)","decl":{"start":{"line":45,"column":55},"end":{"line":45,"column":58}},"loc":{"start":{"line":45,"column":62},"end":{"line":45,"column":92}}},"9":{"name":"(anonymous_9)","decl":{"start":{"line":46,"column":55},"end":{"line":46,"column":58}},"loc":{"start":{"line":46,"column":62},"end":{"line":46,"column":92}}},"10":{"name":"(anonymous_10)","decl":{"start":{"line":55,"column":12},"end":{"line":55,"column":26}},"loc":{"start":{"line":55,"column":58},"end":{"line":80,"column":3}}}},"branchMap":{"0":{"loc":{"start":{"line":17,"column":4},"end":{"line":19,"column":5}},"type":"if","locations":[{"start":{"line":17,"column":4},"end":{"line":19,"column":5}}]},"1":{"loc":{"start":{"line":26,"column":12},"end":{"line":26,"column":27}},"type":"binary-expr","locations":[{"start":{"line":26,"column":12},"end":{"line":26,"column":21}},{"start":{"line":26,"column":25},"end":{"line":26,"column":27}}]},"2":{"loc":{"start":{"line":34,"column":4},"end":{"line":34,"column":91}},"type":"if","locations":[{"start":{"line":34,"column":4},"end":{"line":34,"column":91}}]},"3":{"loc":{"start":{"line":34,"column":8},"end":{"line":34,"column":76}},"type":"binary-expr","locations":[{"start":{"line":34,"column":8},"end":{"line":34,"column":40}},{"start":{"line":34,"column":44},"end":{"line":34,"column":76}}]},"4":{"loc":{"start":{"line":38,"column":4},"end":{"line":38,"column":69}},"type":"if","locations":[{"start":{"line":38,"column":4},"end":{"line":38,"column":69}}]},"5":{"loc":{"start":{"line":38,"column":8},"end":{"line":38,"column":54}},"type":"binary-expr","locations":[{"start":{"line":38,"column":8},"end":{"line":38,"column":29}},{"start":{"line":38,"column":33},"end":{"line":38,"column":54}}]},"6":{"loc":{"start":{"line":40,"column":11},"end":{"line":41,"column":66}},"type":"binary-expr","locations":[{"start":{"line":40,"column":11},"end":{"line":40,"column":66}},{"start":{"line":41,"column":11},"end":{"line":41,"column":66}}]},"7":{"loc":{"start":{"line":40,"column":44},"end":{"line":40,"column":65}},"type":"binary-expr","locations":[{"start":{"line":40,"column":44},"end":{"line":40,"column":52}},{"start":{"line":40,"column":56},"end":{"line":40,"column":65}}]},"8":{"loc":{"start":{"line":41,"column":44},"end":{"line":41,"column":65}},"type":"binary-expr","locations":[{"start":{"line":41,"column":44},"end":{"line":41,"column":52}},{"start":{"line":41,"column":56},"end":{"line":41,"column":65}}]},"9":{"loc":{"start":{"line":61,"column":4},"end":{"line":64,"column":5}},"type":"if","locations":[{"start":{"line":61,"column":4},"end":{"line":64,"column":5}}]},"10":{"loc":{"start":{"line":63,"column":13},"end":{"line":63,"column":50}},"type":"binary-expr","locations":[{"start":{"line":63,"column":13},"end":{"line":63,"column":45}},{"start":{"line":63,"column":49},"end":{"line":63,"column":50}}]},"11":{"loc":{"start":{"line":67,"column":4},"end":{"line":67,"column":64}},"type":"if","locations":[{"start":{"line":67,"column":4},"end":{"line":67,"column":64}}]},"12":{"loc":{"start":{"line":67,"column":8},"end":{"line":67,"column":46}},"type":"binary-expr","locations":[{"start":{"line":67,"column":8},"end":{"line":67,"column":25}},{"start":{"line":67,"column":29},"end":{"line":67,"column":46}}]},"13":{"loc":{"start":{"line":68,"column":4},"end":{"line":68,"column":62}},"type":"if","locations":[{"start":{"line":68,"column":4},"end":{"line":68,"column":62}}]},"14":{"loc":{"start":{"line":68,"column":8},"end":{"line":68,"column":46}},"type":"binary-expr","locations":[{"start":{"line":68,"column":8},"end":{"line":68,"column":25}},{"start":{"line":68,"column":29},"end":{"line":68,"column":46}}]},"15":{"loc":{"start":{"line":69,"column":4},"end":{"line":69,"column":62}},"type":"if","locations":[{"start":{"line":69,"column":4},"end":{"line":69,"column":62}}]},"16":{"loc":{"start":{"line":69,"column":8},"end":{"line":69,"column":46}},"type":"binary-expr","locations":[{"start":{"line":69,"column":8},"end":{"line":69,"column":25}},{"start":{"line":69,"column":29},"end":{"line":69,"column":46}}]},"17":{"loc":{"start":{"line":70,"column":4},"end":{"line":70,"column":60}},"type":"if","locations":[{"start":{"line":70,"column":4},"end":{"line":70,"column":60}}]},"18":{"loc":{"start":{"line":70,"column":8},"end":{"line":70,"column":46}},"type":"binary-expr","locations":[{"start":{"line":70,"column":8},"end":{"line":70,"column":25}},{"start":{"line":70,"column":29},"end":{"line":70,"column":46}}]},"19":{"loc":{"start":{"line":71,"column":4},"end":{"line":71,"column":59}},"type":"if","locations":[{"start":{"line":71,"column":4},"end":{"line":71,"column":59}}]},"20":{"loc":{"start":{"line":71,"column":8},"end":{"line":71,"column":46}},"type":"binary-expr","locations":[{"start":{"line":71,"column":8},"end":{"line":71,"column":25}},{"start":{"line":71,"column":29},"end":{"line":71,"column":46}}]},"21":{"loc":{"start":{"line":72,"column":4},"end":{"line":72,"column":59}},"type":"if","locations":[{"start":{"line":72,"column":4},"end":{"line":72,"column":59}}]},"22":{"loc":{"start":{"line":72,"column":8},"end":{"line":72,"column":46}},"type":"binary-expr","locations":[{"start":{"line":72,"column":8},"end":{"line":72,"column":25}},{"start":{"line":72,"column":29},"end":{"line":72,"column":46}}]},"23":{"loc":{"start":{"line":73,"column":4},"end":{"line":73,"column":58}},"type":"if","locations":[{"start":{"line":73,"column":4},"end":{"line":73,"column":58}}]},"24":{"loc":{"start":{"line":73,"column":8},"end":{"line":73,"column":46}},"type":"binary-expr","locations":[{"start":{"line":73,"column":8},"end":{"line":73,"column":25}},{"start":{"line":73,"column":29},"end":{"line":73,"column":46}}]},"25":{"loc":{"start":{"line":74,"column":4},"end":{"line":74,"column":58}},"type":"if","locations":[{"start":{"line":74,"column":4},"end":{"line":74,"column":58}}]},"26":{"loc":{"start":{"line":74,"column":8},"end":{"line":74,"column":46}},"type":"binary-expr","locations":[{"start":{"line":74,"column":8},"end":{"line":74,"column":25}},{"start":{"line":74,"column":29},"end":{"line":74,"column":46}}]},"27":{"loc":{"start":{"line":75,"column":4},"end":{"line":75,"column":58}},"type":"if","locations":[{"start":{"line":75,"column":4},"end":{"line":75,"column":58}}]},"28":{"loc":{"start":{"line":75,"column":8},"end":{"line":75,"column":46}},"type":"binary-expr","locations":[{"start":{"line":75,"column":8},"end":{"line":75,"column":25}},{"start":{"line":75,"column":29},"end":{"line":75,"column":46}}]},"29":{"loc":{"start":{"line":76,"column":4},"end":{"line":76,"column":58}},"type":"if","locations":[{"start":{"line":76,"column":4},"end":{"line":76,"column":58}}]},"30":{"loc":{"start":{"line":76,"column":8},"end":{"line":76,"column":46}},"type":"binary-expr","locations":[{"start":{"line":76,"column":8},"end":{"line":76,"column":25}},{"start":{"line":76,"column":29},"end":{"line":76,"column":46}}]},"31":{"loc":{"start":{"line":77,"column":4},"end":{"line":77,"column":58}},"type":"if","locations":[{"start":{"line":77,"column":4},"end":{"line":77,"column":58}}]},"32":{"loc":{"start":{"line":77,"column":8},"end":{"line":77,"column":46}},"type":"binary-expr","locations":[{"start":{"line":77,"column":8},"end":{"line":77,"column":25}},{"start":{"line":77,"column":29},"end":{"line":77,"column":46}}]},"33":{"loc":{"start":{"line":78,"column":4},"end":{"line":78,"column":57}},"type":"if","locations":[{"start":{"line":78,"column":4},"end":{"line":78,"column":57}}]},"34":{"loc":{"start":{"line":78,"column":8},"end":{"line":78,"column":46}},"type":"binary-expr","locations":[{"start":{"line":78,"column":8},"end":{"line":78,"column":25}},{"start":{"line":78,"column":29},"end":{"line":78,"column":46}}]}},"s":{"0":1,"1":1,"2":0,"3":0,"4":0,"5":0,"6":0,"7":0,"8":0,"9":0,"10":0,"11":0,"12":0,"13":0,"14":0,"15":0,"16":0,"17":0,"18":0,"19":0,"20":0,"21":0,"22":0,"23":0,"24":0,"25":0,"26":0,"27":0,"28":0,"29":0,"30":0,"31":0,"32":0,"33":0,"34":0,"35":0,"36":0,"37":0,"38":0,"39":0,"40":0,"41":0,"42":0,"43":0,"44":0,"45":0,"46":0,"47":0,"48":0,"49":0,"50":0,"51":0,"52":0,"53":0,"54":1},"f":{"0":0,"1":0,"2":0,"3":0,"4":0,"5":0,"6":0,"7":0,"8":0,"9":0,"10":0},"b":{"0":[0],"1":[0,0],"2":[0],"3":[0,0],"4":[0],"5":[0,0],"6":[0,0],"7":[0,0],"8":[0,0],"9":[0],"10":[0,0],"11":[0],"12":[0,0],"13":[0],"14":[0,0],"15":[0],"16":[0,0],"17":[0],"18":[0,0],"19":[0],"20":[0,0],"21":[0],"22":[0,0],"23":[0],"24":[0,0],"25":[0],"26":[0,0],"27":[0],"28":[0,0],"29":[0],"30":[0,0],"31":[0],"32":[0,0],"33":[0],"34":[0,0]}}
,"/Users/c.dieck/projects/howtolosemoneyfast_website/src/utils/profitLossCalculator.ts": {"path":"/Users/c.dieck/projects/howtolosemoneyfast_website/src/utils/profitLossCalculator.ts","statementMap":{"0":{"start":{"line":11,"column":0},"end":{"line":11,"column":16}},"1":{"start":{"line":34,"column":0},"end":{"line":34,"column":16}},"2":{"start":{"line":1,"column":0},"end":{"line":1,"column":63}},"3":{"start":{"line":17,"column":2},"end":{"line":19,"column":3}},"4":{"start":{"line":18,"column":4},"end":{"line":18,"column":24}},"5":{"start":{"line":21,"column":19},"end":{"line":21,"column":52}},"6":{"start":{"line":22,"column":16},"end":{"line":22,"column":53}},"7":{"start":{"line":24,"column":2},"end":{"line":24,"column":29}},"8":{"start":{"line":39,"column":2},"end":{"line":41,"column":3}},"9":{"start":{"line":40,"column":4},"end":{"line":40,"column":17}},"10":{"start":{"line":43,"column":19},"end":{"line":43,"column":52}},"11":{"start":{"line":44,"column":2},"end":{"line":44,"column":84}}},"fnMap":{"0":{"name":"calculateProfitLoss","decl":{"start":{"line":11,"column":16},"end":{"line":11,"column":35}},"loc":{"start":{"line":15,"column":25},"end":{"line":25,"column":1}}},"1":{"name":"isWinner","decl":{"start":{"line":34,"column":16},"end":{"line":34,"column":24}},"loc":{"start":{"line":37,"column":21},"end":{"line":45,"column":1}}}},"branchMap":{"0":{"loc":{"start":{"line":15,"column":2},"end":{"line":15,"column":25}},"type":"default-arg","locations":[{"start":{"line":15,"column":24},"end":{"line":15,"column":25}}]},"1":{"loc":{"start":{"line":17,"column":2},"end":{"line":19,"column":3}},"type":"if","locations":[{"start":{"line":17,"column":2},"end":{"line":19,"column":3}}]},"2":{"loc":{"start":{"line":22,"column":16},"end":{"line":22,"column":53}},"type":"binary-expr","locations":[{"start":{"line":22,"column":16},"end":{"line":22,"column":48}},{"start":{"line":22,"column":52},"end":{"line":22,"column":53}}]},"3":{"loc":{"start":{"line":39,"column":2},"end":{"line":41,"column":3}},"type":"if","locations":[{"start":{"line":39,"column":2},"end":{"line":41,"column":3}}]},"4":{"loc":{"start":{"line":44,"column":9},"end":{"line":44,"column":83}},"type":"binary-expr","locations":[{"start":{"line":44,"column":9},"end":{"line":44,"column":43}},{"start":{"line":44,"column":47},"end":{"line":44,"column":83}}]}},"s":{"0":1,"1":1,"2":1,"3":4,"4":1,"5":3,"6":3,"7":3,"8":3,"9":1,"10":2,"11":2},"f":{"0":4,"1":3},"b":{"0":[1],"1":[1],"2":[3,1],"3":[1],"4":[2,1]}}
}
