TN:
SF:src/utils/baseLotteryService.ts
FN:17,(anonymous_0)
FN:20,(anonymous_1)
FN:29,(anonymous_2)
FN:36,(anonymous_3)
FN:38,(anonymous_4)
FN:47,(anonymous_5)
FN:47,(anonymous_6)
FN:50,(anonymous_7)
FN:53,(anonymous_8)
FNF:9
FNH:0
FNDA:0,(anonymous_0)
FNDA:0,(anonymous_1)
FNDA:0,(anonymous_2)
FNDA:0,(anonymous_3)
FNDA:0,(anonymous_4)
FNDA:0,(anonymous_5)
FNDA:0,(anonymous_6)
FNDA:0,(anonymous_7)
FNDA:0,(anonymous_8)
DA:17,1
DA:18,0
DA:21,0
DA:30,0
DA:31,0
DA:34,0
DA:36,0
DA:37,0
DA:38,0
DA:39,0
DA:41,0
DA:47,0
DA:51,0
DA:53,0
DA:54,0
DA:55,0
DA:56,0
DA:57,0
LF:18
LH:1
BRDA:30,0,0,0
BRDA:51,1,0,0
BRDA:51,2,0,0
BRDA:51,2,1,0
BRDA:55,3,0,0
BRDA:55,4,0,0
BRDA:55,4,1,0
BRDA:56,5,0,0
BRDA:56,6,0,0
BRDA:56,6,1,0
BRF:10
BRH:0
end_of_record
TN:
SF:src/utils/contactEncryption.ts
FN:15,safeBase64Encode
FN:27,safeBase64Decode
FN:41,encrypt
FN:42,(anonymous_3)
FN:51,decrypt
FN:53,(anonymous_5)
FN:59,initContactInfo
FN:87,applyObfuscatedText
FN:120,applyObfuscatedEmail
FNF:9
FNH:6
FNDA:8,safeBase64Encode
FNDA:8,safeBase64Decode
FNDA:8,encrypt
FNDA:93,(anonymous_3)
FNDA:8,decrypt
FNDA:93,(anonymous_5)
FNDA:0,initContactInfo
FNDA:0,applyObfuscatedText
FNDA:0,applyObfuscatedEmail
DA:6,1
DA:7,1
DA:8,1
DA:9,1
DA:10,1
DA:16,8
DA:17,8
DA:18,0
DA:19,0
DA:21,0
DA:28,8
DA:29,8
DA:30,0
DA:31,0
DA:33,0
DA:41,1
DA:42,93
DA:43,8
DA:51,1
DA:52,8
DA:53,93
DA:59,1
DA:60,0
DA:72,0
DA:73,0
DA:74,0
DA:75,0
DA:76,0
DA:77,0
DA:78,0
DA:79,0
DA:88,0
DA:89,0
DA:92,0
DA:93,0
DA:94,0
DA:95,0
DA:96,0
DA:100,0
DA:101,0
DA:102,0
DA:103,0
DA:111,0
DA:121,0
DA:122,0
DA:124,0
DA:125,0
DA:126,0
DA:127,0
LF:49
LH:16
BRDA:16,0,0,8
BRDA:16,0,1,0
BRDA:18,1,0,0
BRDA:28,2,0,8
BRDA:28,2,1,0
BRDA:30,3,0,0
BRDA:72,4,0,0
BRDA:73,5,0,0
BRDA:74,6,0,0
BRDA:75,7,0,0
BRDA:76,8,0,0
BRDA:77,9,0,0
BRDA:78,10,0,0
BRDA:79,11,0,0
BRDA:100,12,0,0
BRF:15
BRH:2
end_of_record
TN:
SF:src/utils/dateUtils.ts
FN:6,getDateRange
FN:12,(anonymous_1)
FNF:2
FNH:2
FNDA:3,getDateRange
FNDA:5,(anonymous_1)
DA:6,1
DA:7,3
DA:8,1
DA:12,5
DA:14,2
DA:15,0
DA:18,2
DA:19,2
DA:21,2
DA:22,4
DA:23,0
DA:25,4
DA:26,2
DA:30,2
LF:14
LH:12
BRDA:7,0,0,1
BRDA:7,1,0,3
BRDA:7,1,1,3
BRDA:14,2,0,0
BRDA:22,3,0,0
BRDA:25,4,0,2
BRF:6
BRH:4
end_of_record
TN:
SF:src/utils/eurojackpotService.ts
FN:12,(anonymous_0)
FN:16,(anonymous_1)
FN:23,(anonymous_2)
FN:25,(anonymous_3)
FN:33,(anonymous_4)
FN:40,(anonymous_5)
FN:41,(anonymous_6)
FN:44,(anonymous_7)
FN:45,(anonymous_8)
FN:46,(anonymous_9)
FN:55,(anonymous_10)
FNF:11
FNH:0
FNDA:0,(anonymous_0)
FNDA:0,(anonymous_1)
FNDA:0,(anonymous_2)
FNDA:0,(anonymous_3)
FNDA:0,(anonymous_4)
FNDA:0,(anonymous_5)
FNDA:0,(anonymous_6)
FNDA:0,(anonymous_7)
FNDA:0,(anonymous_8)
FNDA:0,(anonymous_9)
FNDA:0,(anonymous_10)
DA:1,1
DA:3,1
DA:9,1
DA:13,0
DA:17,0
DA:18,0
DA:20,0
DA:24,0
DA:25,0
DA:34,0
DA:36,0
DA:37,0
DA:38,0
DA:40,0
DA:41,0
DA:45,0
DA:46,0
DA:48,0
DA:56,0
DA:57,0
DA:58,0
DA:61,0
DA:62,0
DA:63,0
DA:67,0
DA:68,0
DA:69,0
DA:70,0
DA:71,0
DA:72,0
DA:73,0
DA:74,0
DA:75,0
DA:76,0
DA:77,0
DA:78,0
DA:79,0
LF:37
LH:3
BRDA:17,0,0,0
BRDA:26,1,0,0
BRDA:26,1,1,0
BRDA:34,2,0,0
BRDA:34,3,0,0
BRDA:34,3,1,0
BRDA:38,4,0,0
BRDA:38,5,0,0
BRDA:38,5,1,0
BRDA:40,6,0,0
BRDA:40,6,1,0
BRDA:40,7,0,0
BRDA:40,7,1,0
BRDA:41,8,0,0
BRDA:41,8,1,0
BRDA:61,9,0,0
BRDA:63,10,0,0
BRDA:63,10,1,0
BRDA:67,11,0,0
BRDA:67,12,0,0
BRDA:67,12,1,0
BRDA:68,13,0,0
BRDA:68,14,0,0
BRDA:68,14,1,0
BRDA:69,15,0,0
BRDA:69,16,0,0
BRDA:69,16,1,0
BRDA:70,17,0,0
BRDA:70,18,0,0
BRDA:70,18,1,0
BRDA:71,19,0,0
BRDA:71,20,0,0
BRDA:71,20,1,0
BRDA:72,21,0,0
BRDA:72,22,0,0
BRDA:72,22,1,0
BRDA:73,23,0,0
BRDA:73,24,0,0
BRDA:73,24,1,0
BRDA:74,25,0,0
BRDA:74,26,0,0
BRDA:74,26,1,0
BRDA:75,27,0,0
BRDA:75,28,0,0
BRDA:75,28,1,0
BRDA:76,29,0,0
BRDA:76,30,0,0
BRDA:76,30,1,0
BRDA:77,31,0,0
BRDA:77,32,0,0
BRDA:77,32,1,0
BRDA:78,33,0,0
BRDA:78,34,0,0
BRDA:78,34,1,0
BRF:54
BRH:0
end_of_record
TN:
SF:src/utils/profitLossCalculator.ts
FN:11,calculateProfitLoss
FN:34,isWinner
FNF:2
FNH:2
FNDA:4,calculateProfitLoss
FNDA:3,isWinner
DA:1,1
DA:11,1
DA:17,4
DA:18,1
DA:21,3
DA:22,3
DA:24,3
DA:34,1
DA:39,3
DA:40,1
DA:43,2
DA:44,2
LF:12
LH:12
BRDA:15,0,0,1
BRDA:17,1,0,1
BRDA:22,2,0,3
BRDA:22,2,1,1
BRDA:39,3,0,1
BRDA:44,4,0,2
BRDA:44,4,1,1
BRF:7
BRH:7
end_of_record
